mode: set
e-wallet/features/user/data/query.go:15.71,20.2 1 0
e-wallet/features/user/data/query.go:23.51,34.21 3 0
e-wallet/features/user/data/query.go:34.21,36.3 1 0
e-wallet/features/user/data/query.go:38.2,41.16 3 0
e-wallet/features/user/data/query.go:41.16,43.3 1 0
e-wallet/features/user/data/query.go:45.2,45.12 1 0
e-wallet/features/user/data/query.go:49.68,52.21 3 0
e-wallet/features/user/data/query.go:52.21,54.3 1 0
e-wallet/features/user/data/query.go:56.2,69.23 2 0
e-wallet/features/user/data/query.go:72.74,74.21 2 0
e-wallet/features/user/data/query.go:74.21,76.3 1 0
e-wallet/features/user/data/query.go:78.2,78.12 1 0
e-wallet/features/user/data/query.go:82.43,84.21 2 0
e-wallet/features/user/data/query.go:84.21,86.3 1 0
e-wallet/features/user/data/query.go:87.2,87.12 1 0
e-wallet/features/user/data/query.go:91.60,93.21 2 0
e-wallet/features/user/data/query.go:93.21,95.3 1 0
e-wallet/features/user/data/query.go:97.2,97.12 1 0
e-wallet/features/user/data/query.go:101.61,104.21 3 0
e-wallet/features/user/data/query.go:104.21,106.3 1 0
e-wallet/features/user/data/query.go:108.2,119.23 2 0
e-wallet/features/user/handler/handler.go:18.49,22.2 1 0
e-wallet/features/user/handler/handler.go:24.67,27.16 3 0
e-wallet/features/user/handler/handler.go:27.16,29.3 1 0
e-wallet/features/user/handler/handler.go:31.2,32.16 2 0
e-wallet/features/user/handler/handler.go:32.16,34.3 1 0
e-wallet/features/user/handler/handler.go:36.2,37.16 2 0
e-wallet/features/user/handler/handler.go:37.16,39.3 1 0
e-wallet/features/user/handler/handler.go:41.2,42.16 2 0
e-wallet/features/user/handler/handler.go:42.16,44.3 1 0
e-wallet/features/user/handler/handler.go:46.2,51.22 3 0
e-wallet/features/user/handler/handler.go:51.22,53.3 1 0
e-wallet/features/user/handler/handler.go:55.2,55.86 1 0
e-wallet/features/user/handler/handler.go:58.63,61.20 3 0
e-wallet/features/user/handler/handler.go:61.20,63.3 1 0
e-wallet/features/user/handler/handler.go:65.2,74.22 3 0
e-wallet/features/user/handler/handler.go:74.22,75.56 1 0
e-wallet/features/user/handler/handler.go:75.56,77.4 1 0
e-wallet/features/user/handler/handler.go:78.3,78.121 1 0
e-wallet/features/user/handler/handler.go:81.2,81.91 1 0
e-wallet/features/user/handler/handler.go:85.63,88.20 3 0
e-wallet/features/user/handler/handler.go:88.20,90.3 1 0
e-wallet/features/user/handler/handler.go:92.2,101.22 3 0
e-wallet/features/user/handler/handler.go:101.22,102.56 1 0
e-wallet/features/user/handler/handler.go:102.56,104.4 1 0
e-wallet/features/user/handler/handler.go:105.3,105.121 1 0
e-wallet/features/user/handler/handler.go:108.2,108.91 1 0
e-wallet/features/user/handler/handler.go:112.61,115.16 3 0
e-wallet/features/user/handler/handler.go:115.16,117.3 1 0
e-wallet/features/user/handler/handler.go:119.2,126.92 2 0
e-wallet/features/user/handler/handler.go:129.53,132.15 3 0
e-wallet/features/user/handler/handler.go:132.15,134.3 1 0
e-wallet/features/user/handler/handler.go:135.2,135.85 1 0
e-wallet/features/user/handler/handler.go:138.53,142.20 4 0
e-wallet/features/user/handler/handler.go:142.20,144.3 1 0
e-wallet/features/user/handler/handler.go:146.2,154.22 3 0
e-wallet/features/user/handler/handler.go:154.22,156.3 1 0
e-wallet/features/user/handler/handler.go:157.2,157.85 1 0
e-wallet/features/user/handler/handler.go:160.52,163.20 3 0
e-wallet/features/user/handler/handler.go:163.20,165.3 1 0
e-wallet/features/user/handler/handler.go:167.2,168.21 2 0
e-wallet/features/user/handler/handler.go:168.21,169.55 1 0
e-wallet/features/user/handler/handler.go:169.55,171.4 1 0
e-wallet/features/user/handler/handler.go:172.3,172.114 1 0
e-wallet/features/user/handler/handler.go:175.2,181.90 2 0
e-wallet/features/user/service/logic.go:15.84,20.2 1 1
e-wallet/features/user/service/logic.go:22.76,24.16 2 1
e-wallet/features/user/service/logic.go:24.16,26.3 1 1
e-wallet/features/user/service/logic.go:28.2,28.30 1 1
e-wallet/features/user/service/logic.go:28.30,30.3 1 1
e-wallet/features/user/service/logic.go:30.8,32.3 1 0
e-wallet/features/user/service/logic.go:36.53,37.83 1 1
e-wallet/features/user/service/logic.go:37.83,39.3 1 1
e-wallet/features/user/service/logic.go:40.2,40.35 1 1
e-wallet/features/user/service/logic.go:40.35,42.3 1 1
e-wallet/features/user/service/logic.go:43.2,44.20 2 1
e-wallet/features/user/service/logic.go:44.20,46.3 1 1
e-wallet/features/user/service/logic.go:47.2,50.16 3 1
e-wallet/features/user/service/logic.go:50.16,52.3 1 1
e-wallet/features/user/service/logic.go:53.2,53.12 1 1
e-wallet/features/user/service/logic.go:57.67,58.13 1 1
e-wallet/features/user/service/logic.go:58.13,60.3 1 1
e-wallet/features/user/service/logic.go:61.2,61.41 1 1
e-wallet/features/user/service/logic.go:65.45,67.16 2 1
e-wallet/features/user/service/logic.go:67.16,69.3 1 1
e-wallet/features/user/service/logic.go:70.2,70.30 1 1
e-wallet/features/user/service/logic.go:70.30,72.3 1 1
e-wallet/features/user/service/logic.go:72.8,74.3 1 0
e-wallet/features/user/service/logic.go:78.62,80.16 2 1
e-wallet/features/user/service/logic.go:80.16,82.3 1 1
e-wallet/features/user/service/logic.go:84.2,85.20 2 1
e-wallet/features/user/service/logic.go:85.20,87.3 1 1
e-wallet/features/user/service/logic.go:88.2,88.21 1 1
e-wallet/features/user/service/logic.go:88.21,90.3 1 1
e-wallet/features/user/service/logic.go:92.2,92.30 1 1
e-wallet/features/user/service/logic.go:92.30,94.3 1 1
e-wallet/features/user/service/logic.go:94.8,96.3 1 0
e-wallet/features/user/service/logic.go:100.98,102.16 2 1
e-wallet/features/user/service/logic.go:102.16,104.3 1 1
e-wallet/features/user/service/logic.go:106.2,107.19 2 1
e-wallet/features/user/service/logic.go:107.19,109.3 1 1
e-wallet/features/user/service/logic.go:110.2,111.19 2 1
e-wallet/features/user/service/logic.go:111.19,113.3 1 0
e-wallet/features/user/service/logic.go:114.2,114.25 1 1
